<?xml version="1.0" encoding="UTF-8"?>
<!-- Generated by org.testng.reporters.JUnitReportReporter -->
<testsuite hostname="inlen8520028552" failures="0" tests="4" name="Runner.TestRunner" time="22.144" errors="0" timestamp="2023-09-25T15:36:10 IST" skipped="0">
  <testcase classname="Runner.TestRunner" name="runScenario" time="3.890"/>
  <system-out/>
  <testcase classname="Runner.TestRunner" name="runScenario" time="3.962"/>
  <system-out/>
  <testcase classname="Runner.TestRunner" name="runScenario" time="3.409"/>
  <system-out/>
  <testcase classname="Runner.TestRunner" name="runScenario" time="10.883"/>
  <system-out/>
</testsuite> <!-- Runner.TestRunner -->
